11:28:23 **** Incremental Build of configuration Release for project AN75779_1920x1080 ****
cs-make all 
'Building file: ../camera_ptzcontrol.c'
'Invoking: Cross ARM C Compiler'
arm-none-eabi-gcc -mcpu=arm926ej-s -marm -mthumb-interwork -O3 -fmessage-length=0 -fsigned-char -ffunction-sections -fdata-sections -Wall  -g -D__CYU3P_TX__=1 -I"C:\Program Files (x86)\Cypress\EZ-USB FX3 SDK\1.3\/fw_lib/1_3_3/inc" -std=gnu11 -MMD -MP -MF"camera_ptzcontrol.d" -MT"camera_ptzcontrol.o" -c -o "camera_ptzcontrol.o" "../camera_ptzcontrol.c"
'Finished building: ../camera_ptzcontrol.c'
' '
'Building file: ../cyfx_gcc_startup.S'
'Invoking: Cross ARM GNU Assembler'
arm-none-eabi-gcc -mcpu=arm926ej-s -marm -mthumb-interwork -O3 -fmessage-length=0 -fsigned-char -ffunction-sections -fdata-sections -Wall  -g -x assembler-with-cpp -I"C:\Program Files (x86)\Cypress\EZ-USB FX3 SDK\1.3\/fw_lib/1_3_3/inc" -MMD -MP -MF"cyfx_gcc_startup.d" -MT"cyfx_gcc_startup.o" -c -o "cyfx_gcc_startup.o" "../cyfx_gcc_startup.S"
'Finished building: ../cyfx_gcc_startup.S'
' '
'Building file: ../cyfxtx.c'
'Invoking: Cross ARM C Compiler'
arm-none-eabi-gcc -mcpu=arm926ej-s -marm -mthumb-interwork -O3 -fmessage-length=0 -fsigned-char -ffunction-sections -fdata-sections -Wall  -g -D__CYU3P_TX__=1 -I"C:\Program Files (x86)\Cypress\EZ-USB FX3 SDK\1.3\/fw_lib/1_3_3/inc" -std=gnu11 -MMD -MP -MF"cyfxtx.d" -MT"cyfxtx.o" -c -o "cyfxtx.o" "../cyfxtx.c"
'Finished building: ../cyfxtx.c'
' '
'Building file: ../cyfxuvcdscr.c'
'Invoking: Cross ARM C Compiler'
arm-none-eabi-gcc -mcpu=arm926ej-s -marm -mthumb-interwork -O3 -fmessage-length=0 -fsigned-char -ffunction-sections -fdata-sections -Wall  -g -D__CYU3P_TX__=1 -I"C:\Program Files (x86)\Cypress\EZ-USB FX3 SDK\1.3\/fw_lib/1_3_3/inc" -std=gnu11 -MMD -MP -MF"cyfxuvcdscr.d" -MT"cyfxuvcdscr.o" -c -o "cyfxuvcdscr.o" "../cyfxuvcdscr.c"
'Finished building: ../cyfxuvcdscr.c'
' '
'Building file: ../sensor.c'
'Invoking: Cross ARM C Compiler'
arm-none-eabi-gcc -mcpu=arm926ej-s -marm -mthumb-interwork -O3 -fmessage-length=0 -fsigned-char -ffunction-sections -fdata-sections -Wall  -g -D__CYU3P_TX__=1 -I"C:\Program Files (x86)\Cypress\EZ-USB FX3 SDK\1.3\/fw_lib/1_3_3/inc" -std=gnu11 -MMD -MP -MF"sensor.d" -MT"sensor.o" -c -o "sensor.o" "../sensor.c"
'Finished building: ../sensor.c'
' '
'Building file: ../uvc.c'
'Invoking: Cross ARM C Compiler'
arm-none-eabi-gcc -mcpu=arm926ej-s -marm -mthumb-interwork -O3 -fmessage-length=0 -fsigned-char -ffunction-sections -fdata-sections -Wall  -g -D__CYU3P_TX__=1 -I"C:\Program Files (x86)\Cypress\EZ-USB FX3 SDK\1.3\/fw_lib/1_3_3/inc" -std=gnu11 -MMD -MP -MF"uvc.d" -MT"uvc.o" -c -o "uvc.o" "../uvc.c"
'Finished building: ../uvc.c'
' '
'Building target: AN75779_1920x1080.elf'
'Invoking: Cross ARM C Linker'
arm-none-eabi-gcc -mcpu=arm926ej-s -marm -mthumb-interwork -O3 -fmessage-length=0 -fsigned-char -ffunction-sections -fdata-sections -Wall  -g -T "C:\Program Files (x86)\Cypress\EZ-USB FX3 SDK\1.3\/fw_build/fx3_fw/fx3.ld" -nostartfiles -Xlinker --gc-sections -L"C:\Program Files (x86)\Cypress\EZ-USB FX3 SDK\1.3\/fw_lib/1_3_3/fx3_release" -L"C:\Program Files (x86)\Cypress\EZ-USB FX3 SDK\1.3\ARM GCC\/lib/gcc/arm-none-eabi/4.8.1" -L"C:\Program Files (x86)\Cypress\EZ-USB FX3 SDK\1.3\ARM GCC\/arm-none-eabi/lib" -Wl,-Map,"AN75779_1920x1080.map" -Wl,-d  -Wl,--no-wchar-size-warning -Wl,--entry,CyU3PFirmwareEntry -o "AN75779_1920x1080.elf"  ./camera_ptzcontrol.o ./cyfx_gcc_startup.o ./cyfxtx.o ./cyfxuvcdscr.o ./sensor.o ./uvc.o   -lcyu3lpp -lcyfxapi -lcyu3threadx -lc -lgcc
'Finished building target: AN75779_1920x1080.elf'
' '
cs-make --no-print-directory post-build
'Generate boot-loadable binary image'
'C:\Program Files (x86)\Cypress\EZ-USB FX3 SDK\1.3\/util/elf2img/elf2img.exe' -i AN75779_1920x1080.elf -o AN75779_1920x1080.img -v
Note: 256 bytes of interrupt vector code have been removed from the image.
Endian-ness    : Little
      Use the "-vectorload yes" option to retain this code.
Entry point    : 0x4000c48c

Program header table offset: 0x00000034
Program header count       : 3
Program header entry size  : 0x0020
Copying data from program header:
	Addr=0x00000100 Size(words)=0x0000088a FileSize=0x0000088a Offset=0x00000100 Flags=0x00000005
Copying data from program header:
	Addr=0x40003000 Size(words)=0x00004000 FileSize=0x00004000 Offset=0x00003000 Flags=0x00000005
Copying data from program header:
	Addr=0x40013000 Size(words)=0x00002162 FileSize=0x00002162 Offset=0x00013000 Flags=0x00000005
Copying data from program header:
	Addr=0x40030000 Size(words)=0x00000813 FileSize=0x00000182 Offset=0x00020000 Flags=0x00000006
' '
